<?xml version="1.0" encoding="UTF-8"?>
<!-- Generated by org.testng.reporters.JUnitReportReporter -->
<testsuite hostname="DESKTOP-86K547P" failures="0" tests="6" name="testCalculator.CalculatorTest" time="15.227" errors="0" timestamp="2021-11-26T18:24:39 EET" skipped="0">
  <testcase classname="testCalculator.CalculatorTest" name="Combination" time="4.436"/>
  <system-out/>
  <testcase classname="testCalculator.CalculatorTest" name="Division" time="4.033"/>
  <system-out/>
  <testcase classname="testCalculator.CalculatorTest" name="Subtraction" time="1.965"/>
  <system-out/>
  <testcase classname="testCalculator.CalculatorTest" name="Clear" time="0.539"/>
  <system-out/>
  <testcase classname="testCalculator.CalculatorTest" name="Addition" time="1.956"/>
  <system-out/>
  <testcase classname="testCalculator.CalculatorTest" name="Multiplication" time="2.298"/>
  <system-out/>
</testsuite> <!-- testCalculator.CalculatorTest -->
